<?xml version="1.0" encoding="UTF-8"?>
<testng-results ignored="0" total="3" passed="3" failed="0" skipped="0">
  <reporter-output>
    <line>
      <![CDATA[[INFO ] [2023-07-19 13:29:53,051] Register Step 01: Navigate to 'Register' page
<br>]]>
    </line>
    <line>
      <![CDATA[[INFO ] [2023-07-19 13:29:54,277] Register Step 02: Enter to Firstname textbox with value is 'Addie'
<br>]]>
    </line>
    <line>
      <![CDATA[[INFO ] [2023-07-19 13:29:54,354] Register Step 03: Enter to Lastname textbox with value is 'DuBuque'
<br>]]>
    </line>
    <line>
      <![CDATA[[INFO ] [2023-07-19 13:29:55,314] Register Step 04: Enter to Email textbox with value is 'samuel.vandervort@gmail.com'
<br>]]>
    </line>
    <line>
      <![CDATA[[INFO ] [2023-07-19 13:29:55,435] Register Step 05: Enter to Password textbox with value is '8J&cnIsX38u'
<br>]]>
    </line>
    <line>
      <![CDATA[[INFO ] [2023-07-19 13:29:55,519] Register - Step 06: Enter to Confirm Password textbox with value is '8J&cnIsX38u'
<br>]]>
    </line>
    <line>
      <![CDATA[[INFO ] [2023-07-19 13:30:05,603] Register - Step 07: Click to 'Register' button
<br>]]>
    </line>
    <line>
      <![CDATA[[INFO ] [2023-07-19 13:30:06,307] Register - Step 08: Verify register success message is displayed
<br>]]>
    </line>
    <line>
      <![CDATA[[INFO ] [2023-07-19 13:30:06,505] Login - Step 01: Navigate to Login page
<br>]]>
    </line>
    <line>
      <![CDATA[[INFO ] [2023-07-19 13:30:06,871] Login - Step 02: Enter to Email textbox with value is 'samuel.vandervort@gmail.com'
<br>]]>
    </line>
    <line>
      <![CDATA[[INFO ] [2023-07-19 13:30:06,962] Login Step 03: Enter to Password textbox with value is '8J&cnIsX38u'
<br>]]>
    </line>
    <line>
      <![CDATA[[INFO ] [2023-07-19 13:30:07,057] Login - Step 04: Click to Login button
<br>]]>
    </line>
    <line>
      <![CDATA[[INFO ] [2023-07-19 13:30:07,702] Login Step 05: Verify 'My Account' link is displayed
<br>]]>
    </line>
    <line>
      <![CDATA[[INFO ] [2023-07-19 13:30:07,783] Login Step 06: Navigate to 'My Account' page
<br>]]>
    </line>
    <line>
      <![CDATA[[INFO ] [2023-07-19 13:30:08,169] Login Step 06: Verify 'Customer Infor' page is displayed
<br>]]>
    </line>
    <line>
      <![CDATA[[INFO ] [2023-07-19 13:30:08,253] My Account Step 01: Navigate to 'My Account' page
<br>]]>
    </line>
    <line>
      <![CDATA[[INFO ] [2023-07-19 13:30:08,609] My Account Step 02: Verify 'Customer Infor' page is displayed
<br>]]>
    </line>
    <line>
      <![CDATA[[INFO ] [2023-07-19 13:30:08,670] My Account Step 03: Verify 'First Name' value is correctly
<br>]]>
    </line>
    <line>
      <![CDATA[[INFO ] [2023-07-19 13:30:08,728] My Account Step 04: Verify 'Last Name' value is correctly
<br>]]>
    </line>
    <line>
      <![CDATA[[INFO ] [2023-07-19 13:30:08,792] My Account Step 05: Verify 'Email' value is correctly
<br>]]>
    </line>
    <line>
      <![CDATA[[INFO ] [2023-07-19 13:30:08,857] OS name = windows 11
<br>]]>
    </line>
    <line>
      <![CDATA[[INFO ] [2023-07-19 13:30:08,857] Driver instance name = firefoxdriver: firefox on windows (a01df129-47b2-4793-a7c6-328dacb43917)
<br>]]>
    </line>
  </reporter-output>
  <suite started-at="2023-07-19T06:29:49Z" name="NopCommerce - User" finished-at="2023-07-19T06:30:09Z" duration-ms="20453">
    <groups>
    </groups>
    <test started-at="2023-07-19T06:29:49Z" name="Run on FIREFOX" finished-at="2023-07-19T06:30:09Z" duration-ms="20453">
      <class name="com.nopcommerce.user.Level_20_Manage_Data_Part_I">
        <test-method is-config="true" signature="initBeforeSuite()[pri:0, instance:com.nopcommerce.user.Level_20_Manage_Data_Part_I@6853425f]" started-at="2023-07-19T06:29:49Z" name="initBeforeSuite" finished-at="2023-07-19T06:29:49Z" duration-ms="24" status="PASS">
          <reporter-output>
          </reporter-output>
        </test-method> <!-- initBeforeSuite -->
        <test-method is-config="true" signature="beforeClass(java.lang.String)[pri:0, instance:com.nopcommerce.user.Level_20_Manage_Data_Part_I@6853425f]" started-at="2023-07-19T06:29:49Z" name="beforeClass" finished-at="2023-07-19T06:29:53Z" duration-ms="3808" status="PASS">
          <params>
            <param index="0">
              <value>
                <![CDATA[firefox]]>
              </value>
            </param>
          </params>
          <reporter-output>
          </reporter-output>
        </test-method> <!-- beforeClass -->
        <test-method signature="User_01_Register()[pri:0, instance:com.nopcommerce.user.Level_20_Manage_Data_Part_I@6853425f]" started-at="2023-07-19T06:29:53Z" name="User_01_Register" finished-at="2023-07-19T06:30:06Z" duration-ms="13352" status="PASS">
          <reporter-output>
            <line>
              <![CDATA[[INFO ] [2023-07-19 13:29:53,051] Register Step 01: Navigate to 'Register' page
<br>]]>
            </line>
            <line>
              <![CDATA[[INFO ] [2023-07-19 13:29:54,277] Register Step 02: Enter to Firstname textbox with value is 'Addie'
<br>]]>
            </line>
            <line>
              <![CDATA[[INFO ] [2023-07-19 13:29:54,354] Register Step 03: Enter to Lastname textbox with value is 'DuBuque'
<br>]]>
            </line>
            <line>
              <![CDATA[[INFO ] [2023-07-19 13:29:55,314] Register Step 04: Enter to Email textbox with value is 'samuel.vandervort@gmail.com'
<br>]]>
            </line>
            <line>
              <![CDATA[[INFO ] [2023-07-19 13:29:55,435] Register Step 05: Enter to Password textbox with value is '8J&cnIsX38u'
<br>]]>
            </line>
            <line>
              <![CDATA[[INFO ] [2023-07-19 13:29:55,519] Register - Step 06: Enter to Confirm Password textbox with value is '8J&cnIsX38u'
<br>]]>
            </line>
            <line>
              <![CDATA[[INFO ] [2023-07-19 13:30:05,603] Register - Step 07: Click to 'Register' button
<br>]]>
            </line>
            <line>
              <![CDATA[[INFO ] [2023-07-19 13:30:06,307] Register - Step 08: Verify register success message is displayed
<br>]]>
            </line>
          </reporter-output>
        </test-method> <!-- User_01_Register -->
        <test-method signature="User_02_Login()[pri:0, instance:com.nopcommerce.user.Level_20_Manage_Data_Part_I@6853425f]" started-at="2023-07-19T06:30:06Z" name="User_02_Login" finished-at="2023-07-19T06:30:08Z" duration-ms="1843" status="PASS">
          <reporter-output>
            <line>
              <![CDATA[[INFO ] [2023-07-19 13:30:06,505] Login - Step 01: Navigate to Login page
<br>]]>
            </line>
            <line>
              <![CDATA[[INFO ] [2023-07-19 13:30:06,871] Login - Step 02: Enter to Email textbox with value is 'samuel.vandervort@gmail.com'
<br>]]>
            </line>
            <line>
              <![CDATA[[INFO ] [2023-07-19 13:30:06,962] Login Step 03: Enter to Password textbox with value is '8J&cnIsX38u'
<br>]]>
            </line>
            <line>
              <![CDATA[[INFO ] [2023-07-19 13:30:07,057] Login - Step 04: Click to Login button
<br>]]>
            </line>
            <line>
              <![CDATA[[INFO ] [2023-07-19 13:30:07,702] Login Step 05: Verify 'My Account' link is displayed
<br>]]>
            </line>
            <line>
              <![CDATA[[INFO ] [2023-07-19 13:30:07,783] Login Step 06: Navigate to 'My Account' page
<br>]]>
            </line>
            <line>
              <![CDATA[[INFO ] [2023-07-19 13:30:08,169] Login Step 06: Verify 'Customer Infor' page is displayed
<br>]]>
            </line>
          </reporter-output>
        </test-method> <!-- User_02_Login -->
        <test-method signature="User_03_My_Account()[pri:0, instance:com.nopcommerce.user.Level_20_Manage_Data_Part_I@6853425f]" started-at="2023-07-19T06:30:08Z" name="User_03_My_Account" finished-at="2023-07-19T06:30:08Z" duration-ms="603" status="PASS">
          <reporter-output>
            <line>
              <![CDATA[[INFO ] [2023-07-19 13:30:08,253] My Account Step 01: Navigate to 'My Account' page
<br>]]>
            </line>
            <line>
              <![CDATA[[INFO ] [2023-07-19 13:30:08,609] My Account Step 02: Verify 'Customer Infor' page is displayed
<br>]]>
            </line>
            <line>
              <![CDATA[[INFO ] [2023-07-19 13:30:08,670] My Account Step 03: Verify 'First Name' value is correctly
<br>]]>
            </line>
            <line>
              <![CDATA[[INFO ] [2023-07-19 13:30:08,728] My Account Step 04: Verify 'Last Name' value is correctly
<br>]]>
            </line>
            <line>
              <![CDATA[[INFO ] [2023-07-19 13:30:08,792] My Account Step 05: Verify 'Email' value is correctly
<br>]]>
            </line>
          </reporter-output>
        </test-method> <!-- User_03_My_Account -->
        <test-method is-config="true" signature="afterClass()[pri:0, instance:com.nopcommerce.user.Level_20_Manage_Data_Part_I@6853425f]" started-at="2023-07-19T06:30:08Z" name="afterClass" finished-at="2023-07-19T06:30:09Z" duration-ms="778" status="PASS">
          <reporter-output>
            <line>
              <![CDATA[[INFO ] [2023-07-19 13:30:08,857] OS name = windows 11
<br>]]>
            </line>
            <line>
              <![CDATA[[INFO ] [2023-07-19 13:30:08,857] Driver instance name = firefoxdriver: firefox on windows (a01df129-47b2-4793-a7c6-328dacb43917)
<br>]]>
            </line>
          </reporter-output>
        </test-method> <!-- afterClass -->
      </class> <!-- com.nopcommerce.user.Level_20_Manage_Data_Part_I -->
    </test> <!-- Run on FIREFOX -->
  </suite> <!-- NopCommerce - User -->
</testng-results>
