<?xml version="1.0" encoding="UTF-8"?>
<testsuite xmlns:xsi="http://www.w3.org/2001/XMLSchema-instance" xsi:noNamespaceSchemaLocation="https://maven.apache.org/surefire/maven-surefire-plugin/xsd/surefire-test-report.xsd" name="TestSuite" time="21.034" tests="3" errors="0" skipped="0" failures="0">
  <properties>
[...]
</properties>
  <testcase name="User_01_Register" classname="com.nopcommerce.user.Level_20_Manage_Data_Part_I" time="13.353"/>
  <testcase name="User_02_Login" classname="com.nopcommerce.user.Level_20_Manage_Data_Part_I" time="1.843"/>
  <testcase name="User_03_My_Account" classname="com.nopcommerce.user.Level_20_Manage_Data_Part_I" time="0.603"/>
</testsuite>